<?xml version="1.0" encoding="UTF-8"?>
<!-- Generated by org.testng.reporters.JUnitReportReporter -->
<testsuite skipped="0" hostname="XIPL0662" name="com.weather.test.LocationManagerTest" tests="1" failures="0" timestamp="12 Dec 2017 12:20:30 GMT" time="104.084" errors="0">
  <testcase name="testSearchIocnIsVisible" time="104.084" classname="com.weather.test.LocationManagerTest"/>
</testsuite> <!-- com.weather.test.LocationManagerTest -->
