<?xml version="1.0" encoding="UTF-8"?>
<!-- Generated by org.testng.reporters.JUnitReportReporter -->
<testsuite skipped="0" hostname="XIPL0662" name="com.weather.test.LocationManagerTest" tests="1" failures="0" timestamp="08 Dec 2017 13:22:57 GMT" time="72.659" errors="0">
  <testcase name="testSearchIocnIsVisible" time="72.659" classname="com.weather.test.LocationManagerTest"/>
</testsuite> <!-- com.weather.test.LocationManagerTest -->
